<?xml version="1.0" encoding="UTF-8"?>
<testsuite xmlns:xsi="http://www.w3.org/2001/XMLSchema-instance" xsi:noNamespaceSchemaLocation="https://maven.apache.org/surefire/maven-surefire-plugin/xsd/surefire-test-report-3.0.xsd" version="3.0" name="TestSuite" time="83.486" tests="3" errors="0" skipped="0" failures="1">
  <properties>
[...]
</properties>
  <testcase name="verifySignUpFreeLinkDisplayedTest" classname="com.SurveyMonkey.testCases.TC002_VerifySignUpFreeLinkDisplayed" time="2.876">
    <system-out><![CDATA[[TestNGContentHandler] [WARN] It is strongly recommended to add "<!DOCTYPE suite SYSTEM "http://testng.org/testng-1.0.dtd" >" at the top of your file, otherwise TestNG may fail or not work as expected.
[INFO ] 30-07-2022 11:25:11.571 TC002_VerifySignUpFreeLinkDisplayed - Survey Monkey application home page is displayed
true
[INFO ] 30-07-2022 11:25:14.559 TC002_VerifySignUpFreeLinkDisplayed - Screenshot captured successfully
[INFO ] 30-07-2022 11:25:14.562 TC002_VerifySignUpFreeLinkDisplayed - Sign Up Free link is displayed
]]></system-out>
    <system-err><![CDATA[SLF4J: Failed to load class "org.slf4j.impl.StaticLoggerBinder".
SLF4J: Defaulting to no-operation (NOP) logger implementation
SLF4J: See http://www.slf4j.org/codes.html#StaticLoggerBinder for further details.
Starting ChromeDriver 103.0.5060.134 (8ec6fce403b3feb0869b0732eda8bd95011d333c-refs/branch-heads/5060@{#1262}) on port 25098
Only local connections are allowed.
Please see https://chromedriver.chromium.org/security-considerations for suggestions on keeping ChromeDriver safe.
ChromeDriver was started successfully.
Jul 30, 2022 11:25:08 AM org.openqa.selenium.remote.ProtocolHandshake createSession
INFO: Detected dialect: W3C
]]></system-err>
  </testcase>
  <testcase name="loginPageTest" classname="com.SurveyMonkey.testCases.TC001_VerifyLoginPageDisplayed" time="6.623">
    <system-out><![CDATA[[INFO ] 30-07-2022 11:25:15.531 TC002_VerifySignUpFreeLinkDisplayed - Survey Monkey application is closed
[INFO ] 30-07-2022 11:25:20.819 TC001_VerifyLoginPageDisplayed - Survey Monkey application home page is displayed
Clicked on Log In link
[INFO ] 30-07-2022 11:25:27.588 TC001_VerifyLoginPageDisplayed - Screenshot captured successfully
[INFO ] 30-07-2022 11:25:27.589 TC001_VerifyLoginPageDisplayed - Survey Monkey Login page is displayed
]]></system-out>
    <system-err><![CDATA[Starting ChromeDriver 103.0.5060.134 (8ec6fce403b3feb0869b0732eda8bd95011d333c-refs/branch-heads/5060@{#1262}) on port 47689
Only local connections are allowed.
Please see https://chromedriver.chromium.org/security-considerations for suggestions on keeping ChromeDriver safe.
ChromeDriver was started successfully.
Jul 30, 2022 11:25:17 AM org.openqa.selenium.remote.ProtocolHandshake createSession
INFO: Detected dialect: W3C
]]></system-err>
  </testcase>
  <testcase name="verifyUserLoginTest" classname="com.SurveyMonkey.testCases.TC003_UserLogInTest" time="53.55">
    <failure message="javascript error: document.getElementByID is not a function&#10;  (Session info: chrome=103.0.5060.134)&#10;Build info: version: &apos;3.141.59&apos;, revision: &apos;e82be7d358&apos;, time: &apos;2018-11-14T08:17:03&apos;&#10;System info: host: &apos;DESKTOP-803K56V&apos;, ip: &apos;192.168.0.119&apos;, os.name: &apos;Windows 10&apos;, os.arch: &apos;x86&apos;, os.version: &apos;10.0&apos;, java.version: &apos;1.8.0_202&apos;&#10;Driver info: org.openqa.selenium.chrome.ChromeDriver&#10;Capabilities {acceptInsecureCerts: false, browserName: chrome, browserVersion: 103.0.5060.134, chrome: {chromedriverVersion: 103.0.5060.134 (8ec6fce403b..., userDataDir: C:\Users\nares\AppData\Loca...}, goog:chromeOptions: {debuggerAddress: localhost:64065}, javascriptEnabled: true, networkConnectionEnabled: false, pageLoadStrategy: normal, platform: WINDOWS, platformName: WINDOWS, proxy: Proxy(), setWindowRect: true, strictFileInteractability: false, timeouts: {implicit: 0, pageLoad: 300000, script: 30000}, unhandledPromptBehavior: dismiss and notify, webauthn:extension:credBlob: true, webauthn:extension:largeBlob: true, webauthn:virtualAuthenticators: true}&#10;Session ID: d624934886bdad5b03e308a89ae43a58" type="org.openqa.selenium.JavascriptException"><![CDATA[org.openqa.selenium.JavascriptException: 
javascript error: document.getElementByID is not a function
  (Session info: chrome=103.0.5060.134)
Build info: version: '3.141.59', revision: 'e82be7d358', time: '2018-11-14T08:17:03'
System info: host: 'DESKTOP-803K56V', ip: '192.168.0.119', os.name: 'Windows 10', os.arch: 'x86', os.version: '10.0', java.version: '1.8.0_202'
Driver info: org.openqa.selenium.chrome.ChromeDriver
Capabilities {acceptInsecureCerts: false, browserName: chrome, browserVersion: 103.0.5060.134, chrome: {chromedriverVersion: 103.0.5060.134 (8ec6fce403b..., userDataDir: C:\Users\nares\AppData\Loca...}, goog:chromeOptions: {debuggerAddress: localhost:64065}, javascriptEnabled: true, networkConnectionEnabled: false, pageLoadStrategy: normal, platform: WINDOWS, platformName: WINDOWS, proxy: Proxy(), setWindowRect: true, strictFileInteractability: false, timeouts: {implicit: 0, pageLoad: 300000, script: 30000}, unhandledPromptBehavior: dismiss and notify, webauthn:extension:credBlob: true, webauthn:extension:largeBlob: true, webauthn:virtualAuthenticators: true}
Session ID: d624934886bdad5b03e308a89ae43a58
	at com.SurveyMonkey.testCases.TC003_UserLogInTest.verifyUserLoginTest(TC003_UserLogInTest.java:34)
]]></failure>
    <system-out><![CDATA[[INFO ] 30-07-2022 11:25:28.418 TC001_VerifyLoginPageDisplayed - Survey Monkey application is closed
[INFO ] 30-07-2022 11:25:33.011 TC003_UserLogInTest - Survey Monkey application home page is displayed
Clicked on Log In link
]]></system-out>
    <system-err><![CDATA[Starting ChromeDriver 103.0.5060.134 (8ec6fce403b3feb0869b0732eda8bd95011d333c-refs/branch-heads/5060@{#1262}) on port 7209
Only local connections are allowed.
Please see https://chromedriver.chromium.org/security-considerations for suggestions on keeping ChromeDriver safe.
ChromeDriver was started successfully.
Jul 30, 2022 11:25:29 AM org.openqa.selenium.remote.ProtocolHandshake createSession
INFO: Detected dialect: W3C
]]></system-err>
  </testcase>
</testsuite>