<?xml version="1.0" encoding="UTF-8"?>
<testng-results skipped="0" failed="1" ignored="0" total="3" passed="2">
  <reporter-output>
  </reporter-output>
  <suite name="Regression Suite" duration-ms="81484" started-at="2022-07-30T15:25:06Z" finished-at="2022-07-30T15:26:27Z">
    <groups>
    </groups>
    <test name="TC002_VerifySignUpFreeLinkDisplayed" duration-ms="9510" started-at="2022-07-30T15:25:06Z" finished-at="2022-07-30T15:25:15Z">
      <class name="com.SurveyMonkey.testCases.TC002_VerifySignUpFreeLinkDisplayed">
        <test-method status="PASS" signature="setup(java.lang.String)[pri:0, instance:com.SurveyMonkey.testCases.TC002_VerifySignUpFreeLinkDisplayed@17f60bf]" name="setup" is-config="true" duration-ms="5431" started-at="2022-07-30T15:25:06Z" finished-at="2022-07-30T15:25:11Z">
          <params>
            <param index="0">
              <value>
                <![CDATA[chrome]]>
              </value>
            </param>
          </params>
          <reporter-output>
          </reporter-output>
        </test-method> <!-- setup -->
        <test-method status="PASS" signature="verifySignUpFreeLinkDisplayedTest()[pri:0, instance:com.SurveyMonkey.testCases.TC002_VerifySignUpFreeLinkDisplayed@17f60bf]" name="verifySignUpFreeLinkDisplayedTest" duration-ms="2865" started-at="2022-07-30T15:25:11Z" finished-at="2022-07-30T15:25:14Z">
          <reporter-output>
          </reporter-output>
        </test-method> <!-- verifySignUpFreeLinkDisplayedTest -->
        <test-method status="PASS" signature="teardown()[pri:0, instance:com.SurveyMonkey.testCases.TC002_VerifySignUpFreeLinkDisplayed@17f60bf]" name="teardown" is-config="true" duration-ms="888" started-at="2022-07-30T15:25:14Z" finished-at="2022-07-30T15:25:15Z">
          <reporter-output>
          </reporter-output>
        </test-method> <!-- teardown -->
      </class> <!-- com.SurveyMonkey.testCases.TC002_VerifySignUpFreeLinkDisplayed -->
    </test> <!-- TC002_VerifySignUpFreeLinkDisplayed -->
    <test name="TC001_VerifyLoginPageDisplayed" duration-ms="12440" started-at="2022-07-30T15:25:15Z" finished-at="2022-07-30T15:25:28Z">
      <class name="com.SurveyMonkey.testCases.TC001_VerifyLoginPageDisplayed">
        <test-method status="PASS" signature="setup(java.lang.String)[pri:0, instance:com.SurveyMonkey.testCases.TC001_VerifyLoginPageDisplayed@b956d7]" name="setup" is-config="true" duration-ms="4837" started-at="2022-07-30T15:25:15Z" finished-at="2022-07-30T15:25:20Z">
          <params>
            <param index="0">
              <value>
                <![CDATA[chrome]]>
              </value>
            </param>
          </params>
          <reporter-output>
          </reporter-output>
        </test-method> <!-- setup -->
        <test-method status="PASS" signature="loginPageTest()[pri:0, instance:com.SurveyMonkey.testCases.TC001_VerifyLoginPageDisplayed@b956d7]" name="loginPageTest" duration-ms="6769" started-at="2022-07-30T15:25:20Z" finished-at="2022-07-30T15:25:27Z">
          <reporter-output>
          </reporter-output>
        </test-method> <!-- loginPageTest -->
        <test-method status="PASS" signature="teardown()[pri:0, instance:com.SurveyMonkey.testCases.TC001_VerifyLoginPageDisplayed@b956d7]" name="teardown" is-config="true" duration-ms="830" started-at="2022-07-30T15:25:27Z" finished-at="2022-07-30T15:25:28Z">
          <reporter-output>
          </reporter-output>
        </test-method> <!-- teardown -->
      </class> <!-- com.SurveyMonkey.testCases.TC001_VerifyLoginPageDisplayed -->
    </test> <!-- TC001_VerifyLoginPageDisplayed -->
    <test name="TC003_UserLogInTest" duration-ms="59030" started-at="2022-07-30T15:25:28Z" finished-at="2022-07-30T15:26:27Z">
      <class name="com.SurveyMonkey.testCases.TC003_UserLogInTest">
        <test-method status="PASS" signature="setup(java.lang.String)[pri:0, instance:com.SurveyMonkey.testCases.TC003_UserLogInTest@7f1f10]" name="setup" is-config="true" duration-ms="4530" started-at="2022-07-30T15:25:28Z" finished-at="2022-07-30T15:25:33Z">
          <params>
            <param index="0">
              <value>
                <![CDATA[chrome]]>
              </value>
            </param>
          </params>
          <reporter-output>
          </reporter-output>
        </test-method> <!-- setup -->
        <test-method status="FAIL" signature="verifyUserLoginTest()[pri:0, instance:com.SurveyMonkey.testCases.TC003_UserLogInTest@7f1f10]" name="verifyUserLoginTest" duration-ms="53691" started-at="2022-07-30T15:25:33Z" finished-at="2022-07-30T15:26:26Z">
          <exception class="org.openqa.selenium.JavascriptException">
            <message>
              <![CDATA[javascript error: document.getElementByID is not a function
  (Session info: chrome=103.0.5060.134)
Build info: version: '3.141.59', revision: 'e82be7d358', time: '2018-11-14T08:17:03'
System info: host: 'DESKTOP-803K56V', ip: '192.168.0.119', os.name: 'Windows 10', os.arch: 'x86', os.version: '10.0', java.version: '1.8.0_202'
Driver info: org.openqa.selenium.chrome.ChromeDriver
Capabilities {acceptInsecureCerts: false, browserName: chrome, browserVersion: 103.0.5060.134, chrome: {chromedriverVersion: 103.0.5060.134 (8ec6fce403b..., userDataDir: C:\Users\nares\AppData\Loca...}, goog:chromeOptions: {debuggerAddress: localhost:64065}, javascriptEnabled: true, networkConnectionEnabled: false, pageLoadStrategy: normal, platform: WINDOWS, platformName: WINDOWS, proxy: Proxy(), setWindowRect: true, strictFileInteractability: false, timeouts: {implicit: 0, pageLoad: 300000, script: 30000}, unhandledPromptBehavior: dismiss and notify, webauthn:extension:credBlob: true, webauthn:extension:largeBlob: true, webauthn:virtualAuthenticators: true}
Session ID: d624934886bdad5b03e308a89ae43a58]]>
            </message>
            <full-stacktrace>
              <![CDATA[org.openqa.selenium.JavascriptException: javascript error: document.getElementByID is not a function
  (Session info: chrome=103.0.5060.134)
Build info: version: '3.141.59', revision: 'e82be7d358', time: '2018-11-14T08:17:03'
System info: host: 'DESKTOP-803K56V', ip: '192.168.0.119', os.name: 'Windows 10', os.arch: 'x86', os.version: '10.0', java.version: '1.8.0_202'
Driver info: org.openqa.selenium.chrome.ChromeDriver
Capabilities {acceptInsecureCerts: false, browserName: chrome, browserVersion: 103.0.5060.134, chrome: {chromedriverVersion: 103.0.5060.134 (8ec6fce403b..., userDataDir: C:\Users\nares\AppData\Loca...}, goog:chromeOptions: {debuggerAddress: localhost:64065}, javascriptEnabled: true, networkConnectionEnabled: false, pageLoadStrategy: normal, platform: WINDOWS, platformName: WINDOWS, proxy: Proxy(), setWindowRect: true, strictFileInteractability: false, timeouts: {implicit: 0, pageLoad: 300000, script: 30000}, unhandledPromptBehavior: dismiss and notify, webauthn:extension:credBlob: true, webauthn:extension:largeBlob: true, webauthn:virtualAuthenticators: true}
Session ID: d624934886bdad5b03e308a89ae43a58
at sun.reflect.NativeConstructorAccessorImpl.newInstance0(Native Method)
at sun.reflect.NativeConstructorAccessorImpl.newInstance(NativeConstructorAccessorImpl.java:62)
at sun.reflect.DelegatingConstructorAccessorImpl.newInstance(DelegatingConstructorAccessorImpl.java:45)
at java.lang.reflect.Constructor.newInstance(Constructor.java:423)
at org.openqa.selenium.remote.http.W3CHttpResponseCodec.createException(W3CHttpResponseCodec.java:187)
at org.openqa.selenium.remote.http.W3CHttpResponseCodec.decode(W3CHttpResponseCodec.java:122)
at org.openqa.selenium.remote.http.W3CHttpResponseCodec.decode(W3CHttpResponseCodec.java:49)
at org.openqa.selenium.remote.HttpCommandExecutor.execute(HttpCommandExecutor.java:158)
at org.openqa.selenium.remote.service.DriverCommandExecutor.execute(DriverCommandExecutor.java:83)
at org.openqa.selenium.remote.RemoteWebDriver.execute(RemoteWebDriver.java:552)
at org.openqa.selenium.remote.RemoteWebDriver.executeScript(RemoteWebDriver.java:489)
at com.SurveyMonkey.testCases.TC003_UserLogInTest.verifyUserLoginTest(TC003_UserLogInTest.java:34)
at sun.reflect.NativeMethodAccessorImpl.invoke0(Native Method)
at sun.reflect.NativeMethodAccessorImpl.invoke(NativeMethodAccessorImpl.java:62)
at sun.reflect.DelegatingMethodAccessorImpl.invoke(DelegatingMethodAccessorImpl.java:43)
at java.lang.reflect.Method.invoke(Method.java:498)
at org.testng.internal.MethodInvocationHelper.invokeMethod(MethodInvocationHelper.java:124)
at org.testng.internal.Invoker.invokeMethod(Invoker.java:583)
at org.testng.internal.Invoker.invokeTestMethod(Invoker.java:719)
at org.testng.internal.Invoker.invokeTestMethods(Invoker.java:989)
at org.testng.internal.TestMethodWorker.invokeTestMethods(TestMethodWorker.java:125)
at org.testng.internal.TestMethodWorker.run(TestMethodWorker.java:109)
at org.testng.TestRunner.privateRun(TestRunner.java:648)
at org.testng.TestRunner.run(TestRunner.java:505)
at org.testng.SuiteRunner.runTest(SuiteRunner.java:455)
at org.testng.SuiteRunner.runSequentially(SuiteRunner.java:450)
at org.testng.SuiteRunner.privateRun(SuiteRunner.java:415)
at org.testng.SuiteRunner.run(SuiteRunner.java:364)
at org.testng.SuiteRunnerWorker.runSuite(SuiteRunnerWorker.java:52)
at org.testng.SuiteRunnerWorker.run(SuiteRunnerWorker.java:84)
at org.testng.TestNG.runSuitesSequentially(TestNG.java:1208)
at org.testng.TestNG.runSuitesLocally(TestNG.java:1137)
at org.testng.TestNG.runSuites(TestNG.java:1049)
at org.testng.TestNG.run(TestNG.java:1017)
at org.apache.maven.surefire.testng.TestNGExecutor.run(TestNGExecutor.java:284)
at org.apache.maven.surefire.testng.TestNGXmlTestSuite.execute(TestNGXmlTestSuite.java:75)
at org.apache.maven.surefire.testng.TestNGProvider.invoke(TestNGProvider.java:119)
at org.apache.maven.surefire.booter.ForkedBooter.runSuitesInProcess(ForkedBooter.java:428)
at org.apache.maven.surefire.booter.ForkedBooter.execute(ForkedBooter.java:162)
at org.apache.maven.surefire.booter.ForkedBooter.run(ForkedBooter.java:562)
at org.apache.maven.surefire.booter.ForkedBooter.main(ForkedBooter.java:548)
]]>
            </full-stacktrace>
          </exception> <!-- org.openqa.selenium.JavascriptException -->
          <reporter-output>
          </reporter-output>
        </test-method> <!-- verifyUserLoginTest -->
        <test-method status="PASS" signature="teardown()[pri:0, instance:com.SurveyMonkey.testCases.TC003_UserLogInTest@7f1f10]" name="teardown" is-config="true" duration-ms="792" started-at="2022-07-30T15:26:26Z" finished-at="2022-07-30T15:26:27Z">
          <reporter-output>
          </reporter-output>
        </test-method> <!-- teardown -->
      </class> <!-- com.SurveyMonkey.testCases.TC003_UserLogInTest -->
    </test> <!-- TC003_UserLogInTest -->
  </suite> <!-- Regression Suite -->
</testng-results>
