<?xml version="1.0" encoding="UTF-8"?>
<testng-results skipped="0" failed="1" ignored="0" total="3" passed="2">
  <reporter-output>
  </reporter-output>
  <suite name="Regression Suite" duration-ms="94306" started-at="2022-07-30T15:07:06Z" finished-at="2022-07-30T15:08:40Z">
    <groups>
    </groups>
    <test name="TC002_VerifySignUpFreeLinkDisplayed" duration-ms="8858" started-at="2022-07-30T15:07:06Z" finished-at="2022-07-30T15:07:15Z">
      <class name="com.SurveyMonkey.testCases.TC002_VerifySignUpFreeLinkDisplayed">
        <test-method status="PASS" signature="setup(java.lang.String)[pri:0, instance:com.SurveyMonkey.testCases.TC002_VerifySignUpFreeLinkDisplayed@17e93f1]" name="setup" is-config="true" duration-ms="5242" started-at="2022-07-30T15:07:06Z" finished-at="2022-07-30T15:07:11Z">
          <params>
            <param index="0">
              <value>
                <![CDATA[chrome]]>
              </value>
            </param>
          </params>
          <reporter-output>
          </reporter-output>
        </test-method> <!-- setup -->
        <test-method status="PASS" signature="verifySignUpFreeLinkDisplayedTest()[pri:0, instance:com.SurveyMonkey.testCases.TC002_VerifySignUpFreeLinkDisplayed@17e93f1]" name="verifySignUpFreeLinkDisplayedTest" duration-ms="2461" started-at="2022-07-30T15:07:11Z" finished-at="2022-07-30T15:07:14Z">
          <reporter-output>
          </reporter-output>
        </test-method> <!-- verifySignUpFreeLinkDisplayedTest -->
        <test-method status="PASS" signature="teardown()[pri:0, instance:com.SurveyMonkey.testCases.TC002_VerifySignUpFreeLinkDisplayed@17e93f1]" name="teardown" is-config="true" duration-ms="949" started-at="2022-07-30T15:07:14Z" finished-at="2022-07-30T15:07:15Z">
          <reporter-output>
          </reporter-output>
        </test-method> <!-- teardown -->
      </class> <!-- com.SurveyMonkey.testCases.TC002_VerifySignUpFreeLinkDisplayed -->
    </test> <!-- TC002_VerifySignUpFreeLinkDisplayed -->
    <test name="TC001_VerifyLoginPageDisplayed" duration-ms="15480" started-at="2022-07-30T15:07:15Z" finished-at="2022-07-30T15:07:31Z">
      <class name="com.SurveyMonkey.testCases.TC001_VerifyLoginPageDisplayed">
        <test-method status="PASS" signature="setup(java.lang.String)[pri:0, instance:com.SurveyMonkey.testCases.TC001_VerifyLoginPageDisplayed@1b4f2a9]" name="setup" is-config="true" duration-ms="4599" started-at="2022-07-30T15:07:15Z" finished-at="2022-07-30T15:07:20Z">
          <params>
            <param index="0">
              <value>
                <![CDATA[chrome]]>
              </value>
            </param>
          </params>
          <reporter-output>
          </reporter-output>
        </test-method> <!-- setup -->
        <test-method status="PASS" signature="loginPageTest()[pri:0, instance:com.SurveyMonkey.testCases.TC001_VerifyLoginPageDisplayed@1b4f2a9]" name="loginPageTest" duration-ms="9949" started-at="2022-07-30T15:07:20Z" finished-at="2022-07-30T15:07:30Z">
          <reporter-output>
          </reporter-output>
        </test-method> <!-- loginPageTest -->
        <test-method status="PASS" signature="teardown()[pri:0, instance:com.SurveyMonkey.testCases.TC001_VerifyLoginPageDisplayed@1b4f2a9]" name="teardown" is-config="true" duration-ms="928" started-at="2022-07-30T15:07:30Z" finished-at="2022-07-30T15:07:31Z">
          <reporter-output>
          </reporter-output>
        </test-method> <!-- teardown -->
      </class> <!-- com.SurveyMonkey.testCases.TC001_VerifyLoginPageDisplayed -->
    </test> <!-- TC001_VerifyLoginPageDisplayed -->
    <test name="TC003_UserLogInTest" duration-ms="69545" started-at="2022-07-30T15:07:31Z" finished-at="2022-07-30T15:08:40Z">
      <class name="com.SurveyMonkey.testCases.TC003_UserLogInTest">
        <test-method status="PASS" signature="setup(java.lang.String)[pri:0, instance:com.SurveyMonkey.testCases.TC003_UserLogInTest@1fb0c0f]" name="setup" is-config="true" duration-ms="4389" started-at="2022-07-30T15:07:31Z" finished-at="2022-07-30T15:07:35Z">
          <params>
            <param index="0">
              <value>
                <![CDATA[chrome]]>
              </value>
            </param>
          </params>
          <reporter-output>
          </reporter-output>
        </test-method> <!-- setup -->
        <test-method status="FAIL" signature="verifyUserLoginTest()[pri:0, instance:com.SurveyMonkey.testCases.TC003_UserLogInTest@1fb0c0f]" name="verifyUserLoginTest" duration-ms="64504" started-at="2022-07-30T15:07:35Z" finished-at="2022-07-30T15:08:40Z">
          <exception class="org.openqa.selenium.WebDriverException">
            <message>
              <![CDATA[chrome not reachable
  (Session info: chrome=103.0.5060.134)
Build info: version: '3.141.59', revision: 'e82be7d358', time: '2018-11-14T08:17:03'
System info: host: 'DESKTOP-803K56V', ip: '192.168.0.119', os.name: 'Windows 10', os.arch: 'x86', os.version: '10.0', java.version: '1.8.0_311'
Driver info: org.openqa.selenium.chrome.ChromeDriver
Capabilities {acceptInsecureCerts: false, browserName: chrome, browserVersion: 103.0.5060.134, chrome: {chromedriverVersion: 103.0.5060.134 (8ec6fce403b..., userDataDir: C:\Users\nares\AppData\Loca...}, goog:chromeOptions: {debuggerAddress: localhost:57956}, javascriptEnabled: true, networkConnectionEnabled: false, pageLoadStrategy: normal, platform: WINDOWS, platformName: WINDOWS, proxy: Proxy(), setWindowRect: true, strictFileInteractability: false, timeouts: {implicit: 0, pageLoad: 300000, script: 30000}, unhandledPromptBehavior: dismiss and notify, webauthn:extension:credBlob: true, webauthn:extension:largeBlob: true, webauthn:virtualAuthenticators: true}
Session ID: cff898d0412c56a329802be72402af12]]>
            </message>
            <full-stacktrace>
              <![CDATA[org.openqa.selenium.WebDriverException: chrome not reachable
  (Session info: chrome=103.0.5060.134)
Build info: version: '3.141.59', revision: 'e82be7d358', time: '2018-11-14T08:17:03'
System info: host: 'DESKTOP-803K56V', ip: '192.168.0.119', os.name: 'Windows 10', os.arch: 'x86', os.version: '10.0', java.version: '1.8.0_311'
Driver info: org.openqa.selenium.chrome.ChromeDriver
Capabilities {acceptInsecureCerts: false, browserName: chrome, browserVersion: 103.0.5060.134, chrome: {chromedriverVersion: 103.0.5060.134 (8ec6fce403b..., userDataDir: C:\Users\nares\AppData\Loca...}, goog:chromeOptions: {debuggerAddress: localhost:57956}, javascriptEnabled: true, networkConnectionEnabled: false, pageLoadStrategy: normal, platform: WINDOWS, platformName: WINDOWS, proxy: Proxy(), setWindowRect: true, strictFileInteractability: false, timeouts: {implicit: 0, pageLoad: 300000, script: 30000}, unhandledPromptBehavior: dismiss and notify, webauthn:extension:credBlob: true, webauthn:extension:largeBlob: true, webauthn:virtualAuthenticators: true}
Session ID: cff898d0412c56a329802be72402af12
at sun.reflect.NativeConstructorAccessorImpl.newInstance0(Native Method)
at sun.reflect.NativeConstructorAccessorImpl.newInstance(Unknown Source)
at sun.reflect.DelegatingConstructorAccessorImpl.newInstance(Unknown Source)
at java.lang.reflect.Constructor.newInstance(Unknown Source)
at org.openqa.selenium.remote.http.W3CHttpResponseCodec.createException(W3CHttpResponseCodec.java:187)
at org.openqa.selenium.remote.http.W3CHttpResponseCodec.decode(W3CHttpResponseCodec.java:122)
at org.openqa.selenium.remote.http.W3CHttpResponseCodec.decode(W3CHttpResponseCodec.java:49)
at org.openqa.selenium.remote.HttpCommandExecutor.execute(HttpCommandExecutor.java:158)
at org.openqa.selenium.remote.service.DriverCommandExecutor.execute(DriverCommandExecutor.java:83)
at org.openqa.selenium.remote.RemoteWebDriver.execute(RemoteWebDriver.java:552)
at org.openqa.selenium.remote.RemoteWebDriver.executeScript(RemoteWebDriver.java:489)
at com.SurveyMonkey.testCases.TC003_UserLogInTest.verifyUserLoginTest(TC003_UserLogInTest.java:34)
at sun.reflect.NativeMethodAccessorImpl.invoke0(Native Method)
at sun.reflect.NativeMethodAccessorImpl.invoke(Unknown Source)
at sun.reflect.DelegatingMethodAccessorImpl.invoke(Unknown Source)
at java.lang.reflect.Method.invoke(Unknown Source)
at org.testng.internal.MethodInvocationHelper.invokeMethod(MethodInvocationHelper.java:124)
at org.testng.internal.Invoker.invokeMethod(Invoker.java:583)
at org.testng.internal.Invoker.invokeTestMethod(Invoker.java:719)
at org.testng.internal.Invoker.invokeTestMethods(Invoker.java:989)
at org.testng.internal.TestMethodWorker.invokeTestMethods(TestMethodWorker.java:125)
at org.testng.internal.TestMethodWorker.run(TestMethodWorker.java:109)
at org.testng.TestRunner.privateRun(TestRunner.java:648)
at org.testng.TestRunner.run(TestRunner.java:505)
at org.testng.SuiteRunner.runTest(SuiteRunner.java:455)
at org.testng.SuiteRunner.runSequentially(SuiteRunner.java:450)
at org.testng.SuiteRunner.privateRun(SuiteRunner.java:415)
at org.testng.SuiteRunner.run(SuiteRunner.java:364)
at org.testng.SuiteRunnerWorker.runSuite(SuiteRunnerWorker.java:52)
at org.testng.SuiteRunnerWorker.run(SuiteRunnerWorker.java:84)
at org.testng.TestNG.runSuitesSequentially(TestNG.java:1208)
at org.testng.TestNG.runSuitesLocally(TestNG.java:1137)
at org.testng.TestNG.runSuites(TestNG.java:1049)
at org.testng.TestNG.run(TestNG.java:1017)
at org.testng.remote.AbstractRemoteTestNG.run(AbstractRemoteTestNG.java:115)
at org.testng.remote.RemoteTestNG.initAndRun(RemoteTestNG.java:251)
at org.testng.remote.RemoteTestNG.main(RemoteTestNG.java:77)
]]>
            </full-stacktrace>
          </exception> <!-- org.openqa.selenium.WebDriverException -->
          <reporter-output>
          </reporter-output>
        </test-method> <!-- verifyUserLoginTest -->
        <test-method status="PASS" signature="teardown()[pri:0, instance:com.SurveyMonkey.testCases.TC003_UserLogInTest@1fb0c0f]" name="teardown" is-config="true" duration-ms="646" started-at="2022-07-30T15:08:40Z" finished-at="2022-07-30T15:08:40Z">
          <reporter-output>
          </reporter-output>
        </test-method> <!-- teardown -->
      </class> <!-- com.SurveyMonkey.testCases.TC003_UserLogInTest -->
    </test> <!-- TC003_UserLogInTest -->
  </suite> <!-- Regression Suite -->
</testng-results>
